<?xml version="1.0" encoding="UTF-8"?>
<!-- Generated by org.testng.reporters.JUnitReportReporter -->
<testsuite hostname="Howtozap" failures="0" tests="1" name="com.crmPurchaseTest.PurchaseOrdShippingBillingPresent" time="49.861" errors="0" timestamp="2022-02-22T16:33:02 IST" skipped="0">
  <testcase classname="com.crmPurchaseTest.PurchaseOrdShippingBillingPresent" name="purchaseOrderShippingBillingaddressPresnt" time="49.861"/>
  <system-out/>
</testsuite> <!-- com.crmPurchaseTest.PurchaseOrdShippingBillingPresent -->
