<?xml version="1.0" encoding="UTF-8"?>
<!-- Generated by org.testng.reporters.JUnitReportReporter -->
<testsuite hostname="Howtozap" failures="0" tests="1" name="com.crmContactTest.CreateContactTest" time="23.169" errors="0" timestamp="2022-02-19T21:13:27 IST" skipped="0">
  <testcase classname="com.crmContactTest.CreateContactTest" name="createContactTest" time="23.169"/>
  <system-out/>
</testsuite> <!-- com.crmContactTest.CreateContactTest -->
