<?xml version="1.0" encoding="UTF-8"?>
<!-- Generated by org.testng.reporters.JUnitReportReporter -->
<testsuite hostname="Howtozap" failures="0" tests="1" name="com.crmpractise.SampleJDBCExecutorUpdate" time="0.394" errors="0" timestamp="2022-02-16T12:58:55 IST" skipped="0">
  <testcase classname="com.crmpractise.SampleJDBCExecutorUpdate" name="sampleJDBCExecutorUpdate" time="0.394"/>
  <system-out/>
</testsuite> <!-- com.crmpractise.SampleJDBCExecutorUpdate -->
