<?xml version="1.0" encoding="UTF-8"?>
<!-- Generated by org.testng.reporters.JUnitReportReporter -->
<testsuite hostname="Howtozap" failures="0" tests="1" name="com.crmCampaignTest.ProductPage" time="0.016" errors="0" timestamp="2022-03-02T15:00:12 IST" skipped="0">
  <testcase classname="com.crmCampaignTest.ProductPage" name="productPage" time="0.016"/>
  <system-out/>
</testsuite> <!-- com.crmCampaignTest.ProductPage -->
