<?xml version="1.0" encoding="UTF-8"?>
<!-- Generated by org.testng.reporters.JUnitReportReporter -->
<testsuite hostname="Howtozap" failures="0" tests="1" name="com.crmPurchaseTest.PurchaseOrdShippingBillingEmpty" time="14.801" errors="0" timestamp="2022-02-20T23:15:23 IST" skipped="0">
  <testcase classname="com.crmPurchaseTest.PurchaseOrdShippingBillingEmpty" name="purchaseOrdShippingBillingEmpty" time="14.801"/>
  <system-out/>
</testsuite> <!-- com.crmPurchaseTest.PurchaseOrdShippingBillingEmpty -->
