<?xml version="1.0" encoding="UTF-8"?>
<!-- Generated by org.testng.reporters.JUnitReportReporter -->
<testsuite hostname="Howtozap" failures="0" tests="1" name="TestScriptDebug.LoginDebug" time="24.349" errors="0" timestamp="2022-03-20T19:44:07 IST" skipped="0">
  <testcase classname="TestScriptDebug.LoginDebug" name="login" time="24.349"/>
  <system-out/>
</testsuite> <!-- TestScriptDebug.LoginDebug -->
