<?xml version="1.0" encoding="UTF-8"?>
<!-- Generated by org.testng.reporters.JUnitReportReporter -->
<testsuite hostname="Howtozap" failures="0" tests="1" name="com.crmpractise.WebTablePractice" time="16.342" errors="0" timestamp="2022-03-09T11:43:30 IST" skipped="0">
  <testcase classname="com.crmpractise.WebTablePractice" name="webTablePractice" time="16.342"/>
  <system-out>
    <![CDATA[all check box selectred
all check box selectred
all check box selectred
all check box selectred
all check box selectred
all check box selectred
all check box selectred
all check box selectred
all check box selectred
all check box selectred
all check box selectred
all check box selectred
all check box selectred
all check box selectred
all check box selectred
all check box selectred
all check box selectred
all check box selectred
all check box selectred
all check box selectred]]>
  </system-out>
</testsuite> <!-- com.crmpractise.WebTablePractice -->
