<?xml version="1.0" encoding="UTF-8"?>
<!-- Generated by org.testng.reporters.JUnitReportReporter -->
<testsuite hostname="Howtozap" failures="0" tests="4" name="com.crmpractise.DataProviderPractice" time="0.019" errors="0" timestamp="2022-02-28T15:45:14 IST" skipped="0">
  <testcase classname="com.crmpractise.DataProviderPractice" name="sampleDataProvider" time="0.013"/>
  <system-out/>
  <testcase classname="com.crmpractise.DataProviderPractice" name="sampleDataProvider" time="0.002"/>
  <system-out/>
  <testcase classname="com.crmpractise.DataProviderPractice" name="sampleDataProvider" time="0.002"/>
  <system-out/>
  <testcase classname="com.crmpractise.DataProviderPractice" name="sampleDataProvider" time="0.002"/>
  <system-out/>
</testsuite> <!-- com.crmpractise.DataProviderPractice -->
