<?xml version="1.0" encoding="UTF-8"?>
<!-- Generated by org.testng.reporters.JUnitReportReporter -->
<testsuite hostname="Howtozap" failures="0" tests="1" name="com.crm.PractiseTest.DeleteWebTable" time="10.655" errors="0" timestamp="2022-03-09T14:06:15 IST" skipped="0">
  <testcase classname="com.crm.PractiseTest.DeleteWebTable" name="deletewebtable" time="10.655"/>
  <system-out>
    <![CDATA[delet succesfully,true]]>
  </system-out>
</testsuite> <!-- com.crm.PractiseTest.DeleteWebTable -->
