<?xml version="1.0" encoding="UTF-8"?>
<!-- Generated by org.testng.reporters.JUnitReportReporter -->
<testsuite hostname="Howtozap" failures="0" tests="1" name="com.crmpractise.SampleJDBCExecuteQuery" time="0.373" errors="0" timestamp="2022-02-23T00:12:19 IST" skipped="0">
  <testcase classname="com.crmpractise.SampleJDBCExecuteQuery" name="sampleJDBCExecuteQuery" time="0.373"/>
  <system-out/>
</testsuite> <!-- com.crmpractise.SampleJDBCExecuteQuery -->
