<?xml version="1.0" encoding="UTF-8"?>
<!-- Generated by org.testng.reporters.JUnitReportReporter -->
<testsuite hostname="Howtozap" failures="0" tests="1" name="com.crm.ContactsTest.CreateContactWithBaseClass" time="0.040" errors="0" timestamp="2022-03-13T00:23:58 IST" skipped="0">
  <testcase classname="com.crm.ContactsTest.CreateContactWithBaseClass" name="createContactWithBaseClass" time="0.040"/>
  <system-out/>
</testsuite> <!-- com.crm.ContactsTest.CreateContactWithBaseClass -->
