<?xml version="1.0" encoding="UTF-8"?>
<!-- Generated by org.testng.reporters.JUnitReportReporter -->
<testsuite hostname="Howtozap" failures="0" tests="1" name="com.crmpractise.CreateOrgWithMultipleDataTest" time="0.000" errors="0" timestamp="2022-03-02T13:01:00 IST" skipped="1">
  <testcase classname="com.crmpractise.CreateOrgWithMultipleDataTest" name="createOrgWithMltipleData" time="0.000">
    <skipped/>
  </testcase> <!-- createOrgWithMltipleData -->
  <system-out/>
</testsuite> <!-- com.crmpractise.CreateOrgWithMultipleDataTest -->
