<?xml version="1.0" encoding="UTF-8"?>
<!-- Generated by org.testng.reporters.JUnitReportReporter -->
<testsuite hostname="Howtozap" failures="0" tests="1" name="com.crmpractise.ReadDataFromCammandLineTest" time="0.019" errors="0" timestamp="2022-02-17T14:38:49 IST" skipped="0">
  <testcase classname="com.crmpractise.ReadDataFromCammandLineTest" name="readDataFromCmdLine" time="0.019"/>
  <system-out/>
</testsuite> <!-- com.crmpractise.ReadDataFromCammandLineTest -->
