<?xml version="1.0" encoding="UTF-8"?>
<!-- Generated by org.testng.reporters.JUnitReportReporter -->
<testsuite hostname="Howtozap" failures="0" tests="1" name="com.crmpractise.PracticeForGenricUtils" time="0.057" errors="0" timestamp="2022-03-02T13:04:26 IST" skipped="0">
  <testcase classname="com.crmpractise.PracticeForGenricUtils" name="practice" time="0.057"/>
  <system-out/>
</testsuite> <!-- com.crmpractise.PracticeForGenricUtils -->
