<?xml version="1.0" encoding="UTF-8"?>
<!-- Generated by org.testng.reporters.JUnitReportReporter -->
<testsuite hostname="Howtozap" failures="0" tests="1" name="com.crm.PractiseTest.ReadDataFromSuiteXMLfileTest" time="0.011" errors="0" timestamp="2022-03-13T01:38:35 IST" skipped="0">
  <testcase classname="com.crm.PractiseTest.ReadDataFromSuiteXMLfileTest" name="readDataFromXML" time="0.011"/>
  <system-out/>
</testsuite> <!-- com.crm.PractiseTest.ReadDataFromSuiteXMLfileTest -->
