<?xml version="1.0" encoding="UTF-8"?>
<!-- Generated by org.testng.reporters.JUnitReportReporter -->
<testsuite hostname="Howtozap" failures="0" tests="1" name="com.crmpractise.ReadDataFromExcelsheetTest" time="1.288" errors="0" timestamp="2022-02-17T23:56:13 IST" skipped="0">
  <testcase classname="com.crmpractise.ReadDataFromExcelsheetTest" name="writeDataIntoExcelSheet" time="1.288"/>
  <system-out/>
</testsuite> <!-- com.crmpractise.ReadDataFromExcelsheetTest -->
