<?xml version="1.0" encoding="UTF-8"?>
<!-- Generated by org.testng.reporters.JUnitReportReporter -->
<testsuite hostname="Howtozap" failures="0" tests="6" name="com.crmpractise.DataProvider1" time="0.024" errors="0" timestamp="2022-02-28T16:26:26 IST" skipped="0">
  <testcase classname="com.crmpractise.DataProvider1" name="sampleDataProvider" time="0.013"/>
  <system-out/>
  <testcase classname="com.crmpractise.DataProvider1" name="sampleDataProvider" time="0.002"/>
  <system-out/>
  <testcase classname="com.crmpractise.DataProvider1" name="sampleDataProvider" time="0.002"/>
  <system-out/>
  <testcase classname="com.crmpractise.DataProvider1" name="sampleDataProvider" time="0.002"/>
  <system-out/>
  <testcase classname="com.crmpractise.DataProvider1" name="sampleDataProvider" time="0.003"/>
  <system-out/>
  <testcase classname="com.crmpractise.DataProvider1" name="sampleDataProvider" time="0.002"/>
  <system-out/>
</testsuite> <!-- com.crmpractise.DataProvider1 -->
