<?xml version="1.0" encoding="UTF-8"?>
<!-- Generated by org.testng.reporters.JUnitReportReporter -->
<testsuite hostname="Howtozap" failures="0" tests="1" name="com.crmOrganisationTest.CreateContactWithOrgTest" time="33.455" errors="0" timestamp="2022-03-13T00:31:10 IST" skipped="0">
  <testcase classname="com.crmOrganisationTest.CreateContactWithOrgTest" name="ctreateOrgTest" time="33.455"/>
  <system-out/>
</testsuite> <!-- com.crmOrganisationTest.CreateContactWithOrgTest -->
