<?xml version="1.0" encoding="UTF-8"?>
<!-- Generated by org.testng.reporters.JUnitReportReporter -->
<testsuite hostname="Howtozap" failures="0" tests="1" name="com.crm.PractiseTest.SampleJDBCExecuteQuery" time="0.584" errors="0" timestamp="2022-03-13T00:29:34 IST" skipped="0">
  <testcase classname="com.crm.PractiseTest.SampleJDBCExecuteQuery" name="sampleJDBCExecuteQuery" time="0.584"/>
  <system-out/>
</testsuite> <!-- com.crm.PractiseTest.SampleJDBCExecuteQuery -->
