<?xml version="1.0" encoding="UTF-8"?>
<!-- Generated by org.testng.reporters.JUnitReportReporter -->
<testsuite hostname="Howtozap" failures="0" tests="1" name="com.crm.ContactsTest.CreateContactWithBaseClass" time="0.019" errors="0" timestamp="2022-03-20T19:44:36 IST" skipped="0">
  <testcase classname="com.crm.ContactsTest.CreateContactWithBaseClass" name="createContactWithBaseClass" time="0.019"/>
  <system-out/>
</testsuite> <!-- com.crm.ContactsTest.CreateContactWithBaseClass -->
