<?xml version="1.0" encoding="UTF-8"?>
<!-- Generated by org.testng.reporters.JUnitReportReporter -->
<testsuite hostname="Howtozap" failures="0" tests="1" name="com.crmpractise.ReadDataFromSuiteXMLfileTest" time="0.014" errors="0" timestamp="2022-02-17T15:21:34 IST" skipped="0">
  <testcase classname="com.crmpractise.ReadDataFromSuiteXMLfileTest" name="readDataFromXML" time="0.014"/>
  <system-out/>
</testsuite> <!-- com.crmpractise.ReadDataFromSuiteXMLfileTest -->
