<?xml version="1.0" encoding="UTF-8"?>
<!-- Generated by org.testng.reporters.JUnitReportReporter -->
<testsuite hostname="Howtozap" failures="0" tests="1" name="com.crmpractise.DataVerification" time="0.452" errors="0" timestamp="2022-02-16T15:17:43 IST" skipped="0">
  <testcase classname="com.crmpractise.DataVerification" name="sampleJDBCExecuteQuery" time="0.452"/>
  <system-out/>
</testsuite> <!-- com.crmpractise.DataVerification -->
