<?xml version="1.0" encoding="UTF-8"?>
<!-- Generated by org.testng.reporters.JUnitReportReporter -->
<testsuite hostname="Howtozap" failures="0" tests="1" name="com.crmPurchaseTest.CreatePurchaseOrderwithShipping$PurchaseOrderTest" time="10.609" errors="0" timestamp="2022-02-20T22:05:41 IST" skipped="0">
  <testcase classname="com.crmPurchaseTest.CreatePurchaseOrderwithShipping$PurchaseOrderTest" name="createpurchaseorder" time="10.609"/>
  <system-out/>
</testsuite> <!-- com.crmPurchaseTest.CreatePurchaseOrderwithShipping$PurchaseOrderTest -->
