<?xml version="1.0" encoding="UTF-8"?>
<!-- Generated by org.testng.reporters.JUnitReportReporter -->
<testsuite hostname="Howtozap" failures="0" tests="1" name="com.crm.PractiseTest.PractiseExercise" time="0.010" errors="0" timestamp="2022-03-13T01:38:02 IST" skipped="0">
  <testcase classname="com.crm.PractiseTest.PractiseExercise" name="practiseExercise" time="0.010"/>
  <system-out/>
</testsuite> <!-- com.crm.PractiseTest.PractiseExercise -->
